<?xml version="1.0" encoding="UTF-8"?>
<testsuite xmlns:xsi="http://www.w3.org/2001/XMLSchema-instance" xsi:noNamespaceSchemaLocation="https://maven.apache.org/surefire/maven-surefire-plugin/xsd/surefire-test-report.xsd" name="TestSuite" time="32.627" tests="3" errors="0" skipped="0" failures="0">
  <properties>
    <property name="gopherProxySet" value="false"/>
    <property name="awt.toolkit" value="sun.lwawt.macosx.LWCToolkit"/>
    <property name="file.encoding.pkg" value="sun.io"/>
    <property name="java.specification.version" value="1.8"/>
    <property name="sun.cpu.isalist" value=""/>
    <property name="sun.jnu.encoding" value="UTF-8"/>
    <property name="java.class.path" value="/Users/prashantmundepi/Documents/Selenium_projects/MavenProjects/UploadEdurekaPic/target/test-classes:/Users/prashantmundepi/Documents/Selenium_projects/MavenProjects/UploadEdurekaPic/target/classes:/Users/prashantmundepi/.m2/repository/org/seleniumhq/selenium/selenium-server/2.46.0/selenium-server-2.46.0.jar:/Users/prashantmundepi/.m2/repository/org/bouncycastle/bcprov-jdk15on/1.48/bcprov-jdk15on-1.48.jar:/Users/prashantmundepi/.m2/repository/org/bouncycastle/bcpkix-jdk15on/1.48/bcpkix-jdk15on-1.48.jar:/Users/prashantmundepi/.m2/repository/mx4j/mx4j-tools/3.0.1/mx4j-tools-3.0.1.jar:/Users/prashantmundepi/.m2/repository/org/mortbay/jetty/servlet-api-2.5/6.1.9/servlet-api-2.5-6.1.9.jar:/Users/prashantmundepi/.m2/repository/org/seleniumhq/selenium/jetty-repacked/7.6.1/jetty-repacked-7.6.1.jar:/Users/prashantmundepi/.m2/repository/org/seleniumhq/selenium/jetty-rc-repacked/5/jetty-rc-repacked-5.jar:/Users/prashantmundepi/.m2/repository/net/jcip/jcip-annotations/1.0/jcip-annotations-1.0.jar:/Users/prashantmundepi/.m2/repository/org/seleniumhq/selenium/selenium-java/2.46.0/selenium-java-2.46.0.jar:/Users/prashantmundepi/.m2/repository/org/seleniumhq/selenium/selenium-chrome-driver/2.46.0/selenium-chrome-driver-2.46.0.jar:/Users/prashantmundepi/.m2/repository/org/seleniumhq/selenium/selenium-remote-driver/2.46.0/selenium-remote-driver-2.46.0.jar:/Users/prashantmundepi/.m2/repository/cglib/cglib-nodep/2.1_3/cglib-nodep-2.1_3.jar:/Users/prashantmundepi/.m2/repository/com/google/code/gson/gson/2.3.1/gson-2.3.1.jar:/Users/prashantmundepi/.m2/repository/org/seleniumhq/selenium/selenium-api/2.46.0/selenium-api-2.46.0.jar:/Users/prashantmundepi/.m2/repository/com/google/guava/guava/18.0/guava-18.0.jar:/Users/prashantmundepi/.m2/repository/org/seleniumhq/selenium/selenium-htmlunit-driver/2.46.0/selenium-htmlunit-driver-2.46.0.jar:/Users/prashantmundepi/.m2/repository/net/sourceforge/htmlunit/htmlunit/2.17/htmlunit-2.17.jar:/Users/prashantmundepi/.m2/repository/xalan/xalan/2.7.2/xalan-2.7.2.jar:/Users/prashantmundepi/.m2/repository/xalan/serializer/2.7.2/serializer-2.7.2.jar:/Users/prashantmundepi/.m2/repository/commons-collections/commons-collections/3.2.1/commons-collections-3.2.1.jar:/Users/prashantmundepi/.m2/repository/org/apache/commons/commons-lang3/3.4/commons-lang3-3.4.jar:/Users/prashantmundepi/.m2/repository/org/apache/httpcomponents/httpmime/4.4.1/httpmime-4.4.1.jar:/Users/prashantmundepi/.m2/repository/net/sourceforge/htmlunit/htmlunit-core-js/2.17/htmlunit-core-js-2.17.jar:/Users/prashantmundepi/.m2/repository/xerces/xercesImpl/2.11.0/xercesImpl-2.11.0.jar:/Users/prashantmundepi/.m2/repository/xml-apis/xml-apis/1.4.01/xml-apis-1.4.01.jar:/Users/prashantmundepi/.m2/repository/net/sourceforge/nekohtml/nekohtml/1.9.22/nekohtml-1.9.22.jar:/Users/prashantmundepi/.m2/repository/net/sourceforge/cssparser/cssparser/0.9.16/cssparser-0.9.16.jar:/Users/prashantmundepi/.m2/repository/org/w3c/css/sac/1.3/sac-1.3.jar:/Users/prashantmundepi/.m2/repository/commons-logging/commons-logging/1.2/commons-logging-1.2.jar:/Users/prashantmundepi/.m2/repository/org/eclipse/jetty/websocket/websocket-client/9.2.11.v20150529/websocket-client-9.2.11.v20150529.jar:/Users/prashantmundepi/.m2/repository/org/eclipse/jetty/jetty-util/9.2.11.v20150529/jetty-util-9.2.11.v20150529.jar:/Users/prashantmundepi/.m2/repository/org/eclipse/jetty/jetty-io/9.2.11.v20150529/jetty-io-9.2.11.v20150529.jar:/Users/prashantmundepi/.m2/repository/org/eclipse/jetty/websocket/websocket-common/9.2.11.v20150529/websocket-common-9.2.11.v20150529.jar:/Users/prashantmundepi/.m2/repository/org/eclipse/jetty/websocket/websocket-api/9.2.11.v20150529/websocket-api-9.2.11.v20150529.jar:/Users/prashantmundepi/.m2/repository/org/apache/httpcomponents/httpclient/4.4.1/httpclient-4.4.1.jar:/Users/prashantmundepi/.m2/repository/org/apache/httpcomponents/httpcore/4.4.1/httpcore-4.4.1.jar:/Users/prashantmundepi/.m2/repository/org/seleniumhq/selenium/selenium-firefox-driver/2.46.0/selenium-firefox-driver-2.46.0.jar:/Users/prashantmundepi/.m2/repository/commons-io/commons-io/2.4/commons-io-2.4.jar:/Users/prashantmundepi/.m2/repository/org/seleniumhq/selenium/selenium-ie-driver/2.46.0/selenium-ie-driver-2.46.0.jar:/Users/prashantmundepi/.m2/repository/net/java/dev/jna/jna/4.1.0/jna-4.1.0.jar:/Users/prashantmundepi/.m2/repository/net/java/dev/jna/jna-platform/4.1.0/jna-platform-4.1.0.jar:/Users/prashantmundepi/.m2/repository/org/seleniumhq/selenium/selenium-safari-driver/2.46.0/selenium-safari-driver-2.46.0.jar:/Users/prashantmundepi/.m2/repository/org/seleniumhq/selenium/selenium-support/2.46.0/selenium-support-2.46.0.jar:/Users/prashantmundepi/.m2/repository/org/webbitserver/webbit/0.4.14/webbit-0.4.14.jar:/Users/prashantmundepi/.m2/repository/io/netty/netty/3.5.2.Final/netty-3.5.2.Final.jar:/Users/prashantmundepi/.m2/repository/org/seleniumhq/selenium/selenium-leg-rc/2.46.0/selenium-leg-rc-2.46.0.jar:/Users/prashantmundepi/.m2/repository/org/yaml/snakeyaml/1.8/snakeyaml-1.8.jar:/Users/prashantmundepi/.m2/repository/commons-codec/commons-codec/1.10/commons-codec-1.10.jar:/Users/prashantmundepi/.m2/repository/org/testng/testng/6.11/testng-6.11.jar:/Users/prashantmundepi/.m2/repository/com/beust/jcommander/1.64/jcommander-1.64.jar:/Users/prashantmundepi/.m2/repository/com/sikulix/sikulixapi/1.1.0/sikulixapi-1.1.0.jar:/Users/prashantmundepi/.m2/repository/commons-cli/commons-cli/1.2/commons-cli-1.2.jar:/Users/prashantmundepi/.m2/repository/org/apache/commons/commons-exec/1.3/commons-exec-1.3.jar:/Users/prashantmundepi/.m2/repository/com/melloware/jintellitype/1.3.7/jintellitype-1.3.7.jar:/Users/prashantmundepi/.m2/repository/jxgrabkey/jxgrabkey/1.0/jxgrabkey-1.0.jar:/Users/prashantmundepi/.m2/repository/org/swinglabs/swing-layout/1.0.3/swing-layout-1.0.3.jar:/Users/prashantmundepi/.m2/repository/com/nativelibs4java/bridj/0.6.2/bridj-0.6.2.jar:/Users/prashantmundepi/.m2/repository/com/sikulix/sikulixlibsmac/1.1.0/sikulixlibsmac-1.1.0.jar:/Users/prashantmundepi/.m2/repository/org/apache/maven/surefire/surefire-testng-utils/2.22.0/surefire-testng-utils-2.22.0.jar:/Users/prashantmundepi/.m2/repository/org/apache/maven/surefire/surefire-grouper/2.22.0/surefire-grouper-2.22.0.jar:"/>
    <property name="java.vm.vendor" value="Oracle Corporation"/>
    <property name="sun.arch.data.model" value="64"/>
    <property name="java.vendor.url" value="http://java.oracle.com/"/>
    <property name="user.timezone" value=""/>
    <property name="java.vm.specification.version" value="1.8"/>
    <property name="os.name" value="Mac OS X"/>
    <property name="user.country" value="SE"/>
    <property name="sun.java.launcher" value="SUN_STANDARD"/>
    <property name="sun.boot.library.path" value="/Library/Java/JavaVirtualMachines/jdk1.8.0_162.jdk/Contents/Home/jre/lib"/>
    <property name="sun.java.command" value="/Users/prashantmundepi/Documents/Selenium_projects/MavenProjects/UploadEdurekaPic/target/surefire/surefirebooter6189711402687288453.jar /Users/prashantmundepi/Documents/Selenium_projects/MavenProjects/UploadEdurekaPic/target/surefire 2018-10-04T11-43-20_535-jvmRun1 surefire6987817393511237770tmp surefire_07351524465138682262tmp"/>
    <property name="http.nonProxyHosts" value="local|*.local|169.254/16|*.169.254/16"/>
    <property name="surefire.test.class.path" value="/Users/prashantmundepi/Documents/Selenium_projects/MavenProjects/UploadEdurekaPic/target/test-classes:/Users/prashantmundepi/Documents/Selenium_projects/MavenProjects/UploadEdurekaPic/target/classes:/Users/prashantmundepi/.m2/repository/org/seleniumhq/selenium/selenium-server/2.46.0/selenium-server-2.46.0.jar:/Users/prashantmundepi/.m2/repository/org/bouncycastle/bcprov-jdk15on/1.48/bcprov-jdk15on-1.48.jar:/Users/prashantmundepi/.m2/repository/org/bouncycastle/bcpkix-jdk15on/1.48/bcpkix-jdk15on-1.48.jar:/Users/prashantmundepi/.m2/repository/mx4j/mx4j-tools/3.0.1/mx4j-tools-3.0.1.jar:/Users/prashantmundepi/.m2/repository/org/mortbay/jetty/servlet-api-2.5/6.1.9/servlet-api-2.5-6.1.9.jar:/Users/prashantmundepi/.m2/repository/org/seleniumhq/selenium/jetty-repacked/7.6.1/jetty-repacked-7.6.1.jar:/Users/prashantmundepi/.m2/repository/org/seleniumhq/selenium/jetty-rc-repacked/5/jetty-rc-repacked-5.jar:/Users/prashantmundepi/.m2/repository/net/jcip/jcip-annotations/1.0/jcip-annotations-1.0.jar:/Users/prashantmundepi/.m2/repository/org/seleniumhq/selenium/selenium-java/2.46.0/selenium-java-2.46.0.jar:/Users/prashantmundepi/.m2/repository/org/seleniumhq/selenium/selenium-chrome-driver/2.46.0/selenium-chrome-driver-2.46.0.jar:/Users/prashantmundepi/.m2/repository/org/seleniumhq/selenium/selenium-remote-driver/2.46.0/selenium-remote-driver-2.46.0.jar:/Users/prashantmundepi/.m2/repository/cglib/cglib-nodep/2.1_3/cglib-nodep-2.1_3.jar:/Users/prashantmundepi/.m2/repository/com/google/code/gson/gson/2.3.1/gson-2.3.1.jar:/Users/prashantmundepi/.m2/repository/org/seleniumhq/selenium/selenium-api/2.46.0/selenium-api-2.46.0.jar:/Users/prashantmundepi/.m2/repository/com/google/guava/guava/18.0/guava-18.0.jar:/Users/prashantmundepi/.m2/repository/org/seleniumhq/selenium/selenium-htmlunit-driver/2.46.0/selenium-htmlunit-driver-2.46.0.jar:/Users/prashantmundepi/.m2/repository/net/sourceforge/htmlunit/htmlunit/2.17/htmlunit-2.17.jar:/Users/prashantmundepi/.m2/repository/xalan/xalan/2.7.2/xalan-2.7.2.jar:/Users/prashantmundepi/.m2/repository/xalan/serializer/2.7.2/serializer-2.7.2.jar:/Users/prashantmundepi/.m2/repository/commons-collections/commons-collections/3.2.1/commons-collections-3.2.1.jar:/Users/prashantmundepi/.m2/repository/org/apache/commons/commons-lang3/3.4/commons-lang3-3.4.jar:/Users/prashantmundepi/.m2/repository/org/apache/httpcomponents/httpmime/4.4.1/httpmime-4.4.1.jar:/Users/prashantmundepi/.m2/repository/net/sourceforge/htmlunit/htmlunit-core-js/2.17/htmlunit-core-js-2.17.jar:/Users/prashantmundepi/.m2/repository/xerces/xercesImpl/2.11.0/xercesImpl-2.11.0.jar:/Users/prashantmundepi/.m2/repository/xml-apis/xml-apis/1.4.01/xml-apis-1.4.01.jar:/Users/prashantmundepi/.m2/repository/net/sourceforge/nekohtml/nekohtml/1.9.22/nekohtml-1.9.22.jar:/Users/prashantmundepi/.m2/repository/net/sourceforge/cssparser/cssparser/0.9.16/cssparser-0.9.16.jar:/Users/prashantmundepi/.m2/repository/org/w3c/css/sac/1.3/sac-1.3.jar:/Users/prashantmundepi/.m2/repository/commons-logging/commons-logging/1.2/commons-logging-1.2.jar:/Users/prashantmundepi/.m2/repository/org/eclipse/jetty/websocket/websocket-client/9.2.11.v20150529/websocket-client-9.2.11.v20150529.jar:/Users/prashantmundepi/.m2/repository/org/eclipse/jetty/jetty-util/9.2.11.v20150529/jetty-util-9.2.11.v20150529.jar:/Users/prashantmundepi/.m2/repository/org/eclipse/jetty/jetty-io/9.2.11.v20150529/jetty-io-9.2.11.v20150529.jar:/Users/prashantmundepi/.m2/repository/org/eclipse/jetty/websocket/websocket-common/9.2.11.v20150529/websocket-common-9.2.11.v20150529.jar:/Users/prashantmundepi/.m2/repository/org/eclipse/jetty/websocket/websocket-api/9.2.11.v20150529/websocket-api-9.2.11.v20150529.jar:/Users/prashantmundepi/.m2/repository/org/apache/httpcomponents/httpclient/4.4.1/httpclient-4.4.1.jar:/Users/prashantmundepi/.m2/repository/org/apache/httpcomponents/httpcore/4.4.1/httpcore-4.4.1.jar:/Users/prashantmundepi/.m2/repository/org/seleniumhq/selenium/selenium-firefox-driver/2.46.0/selenium-firefox-driver-2.46.0.jar:/Users/prashantmundepi/.m2/repository/commons-io/commons-io/2.4/commons-io-2.4.jar:/Users/prashantmundepi/.m2/repository/org/seleniumhq/selenium/selenium-ie-driver/2.46.0/selenium-ie-driver-2.46.0.jar:/Users/prashantmundepi/.m2/repository/net/java/dev/jna/jna/4.1.0/jna-4.1.0.jar:/Users/prashantmundepi/.m2/repository/net/java/dev/jna/jna-platform/4.1.0/jna-platform-4.1.0.jar:/Users/prashantmundepi/.m2/repository/org/seleniumhq/selenium/selenium-safari-driver/2.46.0/selenium-safari-driver-2.46.0.jar:/Users/prashantmundepi/.m2/repository/org/seleniumhq/selenium/selenium-support/2.46.0/selenium-support-2.46.0.jar:/Users/prashantmundepi/.m2/repository/org/webbitserver/webbit/0.4.14/webbit-0.4.14.jar:/Users/prashantmundepi/.m2/repository/io/netty/netty/3.5.2.Final/netty-3.5.2.Final.jar:/Users/prashantmundepi/.m2/repository/org/seleniumhq/selenium/selenium-leg-rc/2.46.0/selenium-leg-rc-2.46.0.jar:/Users/prashantmundepi/.m2/repository/org/yaml/snakeyaml/1.8/snakeyaml-1.8.jar:/Users/prashantmundepi/.m2/repository/commons-codec/commons-codec/1.10/commons-codec-1.10.jar:/Users/prashantmundepi/.m2/repository/org/testng/testng/6.11/testng-6.11.jar:/Users/prashantmundepi/.m2/repository/com/beust/jcommander/1.64/jcommander-1.64.jar:/Users/prashantmundepi/.m2/repository/com/sikulix/sikulixapi/1.1.0/sikulixapi-1.1.0.jar:/Users/prashantmundepi/.m2/repository/commons-cli/commons-cli/1.2/commons-cli-1.2.jar:/Users/prashantmundepi/.m2/repository/org/apache/commons/commons-exec/1.3/commons-exec-1.3.jar:/Users/prashantmundepi/.m2/repository/com/melloware/jintellitype/1.3.7/jintellitype-1.3.7.jar:/Users/prashantmundepi/.m2/repository/jxgrabkey/jxgrabkey/1.0/jxgrabkey-1.0.jar:/Users/prashantmundepi/.m2/repository/org/swinglabs/swing-layout/1.0.3/swing-layout-1.0.3.jar:/Users/prashantmundepi/.m2/repository/com/nativelibs4java/bridj/0.6.2/bridj-0.6.2.jar:/Users/prashantmundepi/.m2/repository/com/sikulix/sikulixlibsmac/1.1.0/sikulixlibsmac-1.1.0.jar:/Users/prashantmundepi/.m2/repository/org/apache/maven/surefire/surefire-testng-utils/2.22.0/surefire-testng-utils-2.22.0.jar:/Users/prashantmundepi/.m2/repository/org/apache/maven/surefire/surefire-grouper/2.22.0/surefire-grouper-2.22.0.jar:"/>
    <property name="sun.cpu.endian" value="little"/>
    <property name="user.home" value="/Users/prashantmundepi"/>
    <property name="user.language" value="en"/>
    <property name="java.specification.vendor" value="Oracle Corporation"/>
    <property name="java.home" value="/Library/Java/JavaVirtualMachines/jdk1.8.0_162.jdk/Contents/Home/jre"/>
    <property name="basedir" value="/Users/prashantmundepi/Documents/Selenium_projects/MavenProjects/UploadEdurekaPic"/>
    <property name="file.separator" value="/"/>
    <property name="line.separator" value="&#10;"/>
    <property name="java.vm.specification.vendor" value="Oracle Corporation"/>
    <property name="java.specification.name" value="Java Platform API Specification"/>
    <property name="java.awt.graphicsenv" value="sun.awt.CGraphicsEnvironment"/>
    <property name="surefire.real.class.path" value="/Users/prashantmundepi/Documents/Selenium_projects/MavenProjects/UploadEdurekaPic/target/surefire/surefirebooter6189711402687288453.jar"/>
    <property name="sun.boot.class.path" value="/Library/Java/JavaVirtualMachines/jdk1.8.0_162.jdk/Contents/Home/jre/lib/resources.jar:/Library/Java/JavaVirtualMachines/jdk1.8.0_162.jdk/Contents/Home/jre/lib/rt.jar:/Library/Java/JavaVirtualMachines/jdk1.8.0_162.jdk/Contents/Home/jre/lib/sunrsasign.jar:/Library/Java/JavaVirtualMachines/jdk1.8.0_162.jdk/Contents/Home/jre/lib/jsse.jar:/Library/Java/JavaVirtualMachines/jdk1.8.0_162.jdk/Contents/Home/jre/lib/jce.jar:/Library/Java/JavaVirtualMachines/jdk1.8.0_162.jdk/Contents/Home/jre/lib/charsets.jar:/Library/Java/JavaVirtualMachines/jdk1.8.0_162.jdk/Contents/Home/jre/lib/jfr.jar:/Library/Java/JavaVirtualMachines/jdk1.8.0_162.jdk/Contents/Home/jre/classes"/>
    <property name="sun.management.compiler" value="HotSpot 64-Bit Tiered Compilers"/>
    <property name="ftp.nonProxyHosts" value="local|*.local|169.254/16|*.169.254/16"/>
    <property name="java.runtime.version" value="1.8.0_162-b12"/>
    <property name="user.name" value="prashantmundepi2"/>
    <property name="path.separator" value=":"/>
    <property name="os.version" value="10.13.3"/>
    <property name="java.endorsed.dirs" value="/Library/Java/JavaVirtualMachines/jdk1.8.0_162.jdk/Contents/Home/jre/lib/endorsed"/>
    <property name="java.runtime.name" value="Java(TM) SE Runtime Environment"/>
    <property name="file.encoding" value="UTF-8"/>
    <property name="java.vm.name" value="Java HotSpot(TM) 64-Bit Server VM"/>
    <property name="localRepository" value="/Users/prashantmundepi/.m2/repository"/>
    <property name="java.vendor.url.bug" value="http://bugreport.sun.com/bugreport/"/>
    <property name="java.io.tmpdir" value="/var/folders/95/l1_9d1v50qdgf7s3b5y6mth00000gp/T/"/>
    <property name="java.version" value="1.8.0_162"/>
    <property name="user.dir" value="/Users/prashantmundepi/Documents/Selenium_projects/MavenProjects/UploadEdurekaPic"/>
    <property name="os.arch" value="x86_64"/>
    <property name="java.vm.specification.name" value="Java Virtual Machine Specification"/>
    <property name="java.awt.printerjob" value="sun.lwawt.macosx.CPrinterJob"/>
    <property name="sun.os.patch.level" value="unknown"/>
    <property name="java.library.path" value="/Users/prashantmundepi/Library/Java/Extensions:/Library/Java/Extensions:/Network/Library/Java/Extensions:/System/Library/Java/Extensions:/usr/lib/java:."/>
    <property name="java.vm.info" value="mixed mode"/>
    <property name="java.vendor" value="Oracle Corporation"/>
    <property name="java.vm.version" value="25.162-b12"/>
    <property name="java.ext.dirs" value="/Users/prashantmundepi/Library/Java/Extensions:/Library/Java/JavaVirtualMachines/jdk1.8.0_162.jdk/Contents/Home/jre/lib/ext:/Library/Java/Extensions:/Network/Library/Java/Extensions:/System/Library/Java/Extensions:/usr/lib/java"/>
    <property name="sun.io.unicode.encoding" value="UnicodeBig"/>
    <property name="java.class.version" value="52.0"/>
    <property name="socksNonProxyHosts" value="local|*.local|169.254/16|*.169.254/16"/>
  </properties>
  <testcase name="logIn" classname="TestScripts" time="4.422"/>
  <testcase name="profileNavigateCheck" classname="TestScripts" time="8.745"/>
  <testcase name="UpdatePicCheck" classname="TestScripts" time="13.246"/>
</testsuite>