<?xml version="1.0" encoding="UTF-8"?>
<!-- Generated by org.testng.reporters.JUnitReportReporter -->
<testsuite skipped="0" hostname="Prashants-MacBook-Pro.local" name="TestScripts" tests="3" failures="0" timestamp="18 Sep 2018 03:57:26 GMT" time="20.343" errors="0">
  <testcase name="profileNavigateCheck" time="10.826" classname="TestScripts"/>
  <testcase name="UpdatePicCheck" time="5.352" classname="TestScripts"/>
  <testcase name="logIn" time="4.165" classname="TestScripts"/>
</testsuite> <!-- TestScripts -->
