<?xml version="1.0" encoding="UTF-8"?>
<!-- Generated by org.testng.reporters.JUnitReportReporter -->
<testsuite skipped="0" hostname="Prashants-MacBook-Pro.local" name="TestScripts" tests="3" failures="0" timestamp="22 Oct 2018 10:07:50 GMT" time="28.136" errors="0">
  <testcase name="profileNavigateCheck" time="7.997" classname="TestScripts"/>
  <testcase name="UpdatePicCheck" time="15.739" classname="TestScripts"/>
  <testcase name="logIn" time="4.400" classname="TestScripts"/>
</testsuite> <!-- TestScripts -->
