<?xml version="1.0" encoding="UTF-8"?>
<!-- Generated by org.testng.reporters.JUnitReportReporter -->
<testsuite skipped="0" hostname="Prashants-MacBook-Pro.local" name="TestScripts" tests="3" failures="0" timestamp="04 Oct 2018 09:43:53 GMT" time="26.412" errors="0">
  <testcase name="logIn" time="4.421" classname="TestScripts"/>
  <testcase name="profileNavigateCheck" time="8.745" classname="TestScripts"/>
  <testcase name="UpdatePicCheck" time="13.246" classname="TestScripts"/>
</testsuite> <!-- TestScripts -->
